0 verbose cli C:\Program Files\nodejs\node.exe C:\Users\HP\AppData\Roaming\npm\node_modules\npm\bin\npm-cli.js
1 info using npm@10.9.1
2 info using node@v21.6.1
3 silly config load:file:C:\Users\HP\AppData\Roaming\npm\node_modules\npm\npmrc
4 silly config load:file:C:\Users\HP\Downloads\codewonders-master1\codewonders-master\.npmrc
5 silly config load:file:C:\Users\HP\.npmrc
6 silly config load:file:C:\Users\HP\AppData\Roaming\npm\etc\npmrc
7 verbose title npm install emailjs-com
8 verbose argv "install" "emailjs-com"
9 verbose logfile logs-max:10 dir:C:\Users\HP\Downloads\codewonders-master1\codewonders-master\clean\_logs\2025-03-01T16_28_41_086Z-
10 verbose logfile C:\Users\HP\Downloads\codewonders-master1\codewonders-master\clean\_logs\2025-03-01T16_28_41_086Z-debug-0.log
11 silly logfile done cleaning log files
12 silly packumentCache heap:2197815296 maxSize:549453824 maxEntrySize:274726912
13 silly idealTree buildDeps
14 silly fetch manifest codewonders-helpers@1.1.0
15 silly packumentCache full:https://registry.npmjs.org/codewonders-helpers cache-miss
16 http fetch GET 200 https://registry.npmjs.org/npm 2679ms
17 http fetch GET 200 https://registry.npmjs.org/codewonders-helpers 2605ms (cache miss)
18 silly packumentCache full:https://registry.npmjs.org/codewonders-helpers set size:undefined disposed:false
19 silly fetch manifest framer-motion@10.12.12
20 silly packumentCache full:https://registry.npmjs.org/framer-motion cache-miss
21 http fetch GET 200 https://registry.npmjs.org/framer-motion 769ms (cache miss)
22 silly packumentCache full:https://registry.npmjs.org/framer-motion set size:undefined disposed:false
23 silly fetch manifest react@18.2.0
24 silly packumentCache full:https://registry.npmjs.org/react cache-miss
25 http fetch GET 200 https://registry.npmjs.org/react 1156ms (cache miss)
26 silly packumentCache full:https://registry.npmjs.org/react set size:undefined disposed:false
27 silly fetch manifest react-dom@18.2.0
28 silly packumentCache full:https://registry.npmjs.org/react-dom cache-miss
29 http fetch GET 200 https://registry.npmjs.org/react-dom 673ms (cache miss)
30 silly packumentCache full:https://registry.npmjs.org/react-dom set size:undefined disposed:false
31 silly fetch manifest next@13.4.2
32 silly packumentCache full:https://registry.npmjs.org/next cache-miss
33 http fetch GET 200 https://registry.npmjs.org/next 1000ms (cache miss)
34 silly packumentCache full:https://registry.npmjs.org/next set size:undefined disposed:false
35 silly fetch manifest @opentelemetry/api@^1.1.0
36 silly packumentCache full:https://registry.npmjs.org/@opentelemetry%2fapi cache-miss
37 http fetch GET 200 https://registry.npmjs.org/@opentelemetry%2fapi 334ms (cache miss)
38 silly packumentCache full:https://registry.npmjs.org/@opentelemetry%2fapi set size:undefined disposed:false
39 silly fetch manifest fibers@>= 3.1.0
40 silly packumentCache full:https://registry.npmjs.org/fibers cache-miss
41 http fetch GET 200 https://registry.npmjs.org/fibers 267ms (cache miss)
42 silly packumentCache full:https://registry.npmjs.org/fibers set size:undefined disposed:false
43 silly fetch manifest node-sass@^6.0.0 || ^7.0.0
44 silly packumentCache full:https://registry.npmjs.org/node-sass cache-miss
45 http fetch GET 200 https://registry.npmjs.org/node-sass 302ms (cache miss)
46 silly packumentCache full:https://registry.npmjs.org/node-sass set size:undefined disposed:false
47 silly fetch manifest sass@^1.3.0
48 silly packumentCache full:https://registry.npmjs.org/sass cache-miss
49 http fetch GET 200 https://registry.npmjs.org/sass 375ms (cache miss)
50 silly packumentCache full:https://registry.npmjs.org/sass set size:undefined disposed:false
51 silly fetch manifest next-page-transitions@1.0.0-beta.2
52 silly packumentCache full:https://registry.npmjs.org/next-page-transitions cache-miss
53 http fetch GET 200 https://registry.npmjs.org/next-page-transitions 738ms (cache miss)
54 silly packumentCache full:https://registry.npmjs.org/next-page-transitions set size:undefined disposed:false
55 silly fetch manifest next-pwa@5.6.0
56 silly packumentCache full:https://registry.npmjs.org/next-pwa cache-miss
57 http fetch GET 200 https://registry.npmjs.org/next-pwa 1030ms (cache miss)
58 silly packumentCache full:https://registry.npmjs.org/next-pwa set size:undefined disposed:false
59 silly fetch manifest react-ga@2.7.0
60 silly packumentCache full:https://registry.npmjs.org/react-ga cache-miss
61 http fetch GET 200 https://registry.npmjs.org/react-ga 298ms (cache miss)
62 silly packumentCache full:https://registry.npmjs.org/react-ga set size:undefined disposed:false
63 silly fetch manifest prop-types@^15.6.0
64 silly packumentCache full:https://registry.npmjs.org/prop-types cache-miss
65 http fetch GET 200 https://registry.npmjs.org/prop-types 261ms (cache miss)
66 silly packumentCache full:https://registry.npmjs.org/prop-types set size:undefined disposed:false
67 silly fetch manifest react@^15.6.2 || ^16.0
68 silly packumentCache full:https://registry.npmjs.org/react cache-miss
69 http cache https://registry.npmjs.org/react 43ms (cache hit)
70 silly packumentCache full:https://registry.npmjs.org/react set size:5479029 disposed:false
71 verbose stack Error: unable to resolve dependency tree
71 verbose stack     at #failPeerConflict (C:\Users\HP\AppData\Roaming\npm\node_modules\npm\node_modules\@npmcli\arborist\lib\arborist\build-ideal-tree.js:1363:25)
71 verbose stack     at #loadPeerSet (C:\Users\HP\AppData\Roaming\npm\node_modules\npm\node_modules\@npmcli\arborist\lib\arborist\build-ideal-tree.js:1329:33)
71 verbose stack     at async #buildDepStep (C:\Users\HP\AppData\Roaming\npm\node_modules\npm\node_modules\@npmcli\arborist\lib\arborist\build-ideal-tree.js:904:11)
71 verbose stack     at async Arborist.buildIdealTree (C:\Users\HP\AppData\Roaming\npm\node_modules\npm\node_modules\@npmcli\arborist\lib\arborist\build-ideal-tree.js:181:7)
71 verbose stack     at async Promise.all (index 1)
71 verbose stack     at async Arborist.reify (C:\Users\HP\AppData\Roaming\npm\node_modules\npm\node_modules\@npmcli\arborist\lib\arborist\reify.js:131:5)
71 verbose stack     at async Install.exec (C:\Users\HP\AppData\Roaming\npm\node_modules\npm\lib\commands\install.js:150:5)
71 verbose stack     at async Npm.exec (C:\Users\HP\AppData\Roaming\npm\node_modules\npm\lib\npm.js:207:9)
71 verbose stack     at async module.exports (C:\Users\HP\AppData\Roaming\npm\node_modules\npm\lib\cli\entry.js:74:5)
72 error code ERESOLVE
73 error ERESOLVE unable to resolve dependency tree
74 error
75 error While resolving: codewonders@1.5.0
75 error Found: react@18.2.0[2m[22m
75 error [2mnode_modules/react[22m
75 error   react@"18.2.0" from the root project
75 error
75 error Could not resolve dependency:
75 error [95mpeer[39m react@"^15.6.2 || ^16.0" from react-ga@2.7.0[2m[22m
75 error [2mnode_modules/react-ga[22m
75 error   react-ga@"^2.7.0" from the root project
75 error
75 error Fix the upstream dependency conflict, or retry
75 error this command with --force or --legacy-peer-deps
75 error to accept an incorrect (and potentially broken) dependency resolution.
76 error
76 error
76 error For a full report see:
76 error C:\Users\HP\Downloads\codewonders-master1\codewonders-master\clean\_logs\2025-03-01T16_28_41_086Z-eresolve-report.txt
77 silly unfinished npm timer reify 1740846522973
78 silly unfinished npm timer reify:loadTrees 1740846522974
79 silly unfinished npm timer idealTree:buildDeps 1740846523057
80 silly unfinished npm timer idealTree:#root 1740846523059
81 verbose cwd C:\Users\HP\Downloads\codewonders-master1\codewonders-master
82 verbose os Windows_NT 10.0.19045
83 verbose node v21.6.1
84 verbose npm  v10.9.1
85 notice
85 notice New [31mmajor[39m version of npm available! [31m10.9.1[39m -> [34m11.1.0[39m
85 notice Changelog: [34mhttps://github.com/npm/cli/releases/tag/v11.1.0[39m
85 notice To update run: [4mnpm install -g npm@11.1.0[24m
85 notice  { force: true, [Symbol(proc-log.meta)]: true }
86 verbose exit 1
87 verbose code 1
88 error A complete log of this run can be found in: C:\Users\HP\Downloads\codewonders-master1\codewonders-master\clean\_logs\2025-03-01T16_28_41_086Z-debug-0.log
